<?xml version="1.0" encoding="UTF-8"?>
<testng-results skipped="0" failed="0" ignored="0" total="1" passed="1">
  <reporter-output>
  </reporter-output>
  <suite name="Automation testing Suite" duration-ms="55862" started-at="2020-08-12T21:40:46Z" finished-at="2020-08-12T21:41:42Z">
    <groups>
      <group name="Sanity test">
        <method signature="HomePageWithThreeSlidersOnly_001.verifyingSliderTest()[pri:0, instance:com.auomationtesting.testCases.HomePageWithThreeSlidersOnly_001@4c39bec8]" name="verifyingSliderTest" class="com.auomationtesting.testCases.HomePageWithThreeSlidersOnly_001"/>
      </group> <!-- Sanity test -->
    </groups>
    <test name="Test" duration-ms="55862" started-at="2020-08-12T21:40:46Z" finished-at="2020-08-12T21:41:42Z">
      <class name="com.auomationtesting.testCases.HomePageWithThreeSlidersOnly_001">
        <test-method status="PASS" signature="setUp(java.lang.String)[pri:0, instance:com.auomationtesting.testCases.HomePageWithThreeSlidersOnly_001@4c39bec8]" name="setUp" is-config="true" duration-ms="13312" started-at="2020-08-12T21:40:47Z" finished-at="2020-08-12T21:41:00Z">
          <params>
            <param index="0">
              <value>
                <![CDATA[chrome]]>
              </value>
            </param>
          </params>
          <reporter-output>
          </reporter-output>
        </test-method> <!-- setUp -->
        <test-method status="PASS" signature="verifyingSliderTest()[pri:0, instance:com.auomationtesting.testCases.HomePageWithThreeSlidersOnly_001@4c39bec8]" name="verifyingSliderTest" duration-ms="40389" started-at="2020-08-12T21:41:00Z" finished-at="2020-08-12T21:41:40Z">
          <reporter-output>
          </reporter-output>
        </test-method> <!-- verifyingSliderTest -->
        <test-method status="PASS" signature="tearDown()[pri:0, instance:com.auomationtesting.testCases.HomePageWithThreeSlidersOnly_001@4c39bec8]" name="tearDown" is-config="true" duration-ms="1895" started-at="2020-08-12T21:41:40Z" finished-at="2020-08-12T21:41:42Z">
          <reporter-output>
          </reporter-output>
        </test-method> <!-- tearDown -->
      </class> <!-- com.auomationtesting.testCases.HomePageWithThreeSlidersOnly_001 -->
    </test> <!-- Test -->
  </suite> <!-- Automation testing Suite -->
</testng-results>
