<?xml version="1.0" encoding="UTF-8"?>
<testng-results ignored="0" total="2" passed="1" failed="1" skipped="0">
  <reporter-output>
  </reporter-output>
  <suite started-at="2020-11-11T16:34:04 PST" name="Automation testing Suite" finished-at="2020-11-11T16:35:10 PST" duration-ms="66007">
    <groups>
      <group name="Sanity test">
        <method signature="ImageInArrivalsShouldNavigate_003.verifyingArrivalsImgIsClickable()[pri:0, instance:com.auomationtesting.testCases.ImageInArrivalsShouldNavigate_003@7cd1ac19]" name="verifyingArrivalsImgIsClickable" class="com.auomationtesting.testCases.ImageInArrivalsShouldNavigate_003"/>
      </group> <!-- Sanity test -->
    </groups>
    <test started-at="2020-11-11T16:34:04 PST" name="Test" finished-at="2020-11-11T16:35:10 PST" duration-ms="66007">
      <class name="com.auomationtesting.testCases.ImageInArrivalsShouldNavigate_003">
        <test-method is-config="true" signature="setUp(java.lang.String)[pri:0, instance:com.auomationtesting.testCases.ImageInArrivalsShouldNavigate_003@7cd1ac19]" started-at="2020-11-11T16:34:04 PST" name="setUp" finished-at="2020-11-11T16:34:10 PST" duration-ms="6231" status="PASS">
          <params>
            <param index="0">
              <value>
                <![CDATA[chrome]]>
              </value>
            </param>
          </params>
          <reporter-output>
          </reporter-output>
        </test-method> <!-- setUp -->
        <test-method signature="verifyingArrivalsImgIsClickable()[pri:0, instance:com.auomationtesting.testCases.ImageInArrivalsShouldNavigate_003@7cd1ac19]" started-at="2020-11-11T16:34:10 PST" name="verifyingArrivalsImgIsClickable" finished-at="2020-11-11T16:34:20 PST" duration-ms="10211" status="PASS">
          <reporter-output>
          </reporter-output>
        </test-method> <!-- verifyingArrivalsImgIsClickable -->
        <test-method signature="verifyingArrivalsImgIsNavigatingToNextPage()[pri:0, instance:com.auomationtesting.testCases.ImageInArrivalsShouldNavigate_003@7cd1ac19]" started-at="2020-11-11T16:34:20 PST" name="verifyingArrivalsImgIsNavigatingToNextPage" finished-at="2020-11-11T16:35:09 PST" duration-ms="48697" status="FAIL">
          <exception class="org.openqa.selenium.NoSuchElementException">
            <message>
              <![CDATA[no such element: Unable to locate element: {"method":"xpath","selector":"//button[@class='single_add_to_cart_button button alt']"}
  (Session info: chrome=86.0.4240.183)
For documentation on this error, please visit: https://selenium.dev/exceptions/#no_such_element
Build info: version: '4.0.0-alpha-5', revision: 'b3a0d621cc'
System info: host: 'DESKTOP-4LJEO71', ip: '192.168.50.140', os.name: 'Windows 10', os.arch: 'amd64', os.version: '10.0', java.version: '14.0.2'
Driver info: org.openqa.selenium.chrome.ChromeDriver
Capabilities {acceptInsecureCerts: false, browserName: chrome, browserVersion: 86.0.4240.183, chrome: {chromedriverVersion: 86.0.4240.22 (398b0743353ff..., userDataDir: C:\Users\moumi\AppData\Loca...}, goog:chromeOptions: {debuggerAddress: localhost:51989}, javascriptEnabled: true, networkConnectionEnabled: false, pageLoadStrategy: normal, platform: WINDOWS, platformName: WINDOWS, proxy: Proxy(), setWindowRect: true, strictFileInteractability: false, timeouts: {implicit: 0, pageLoad: 300000, script: 30000}, unhandledPromptBehavior: dismiss and notify, webauthn:virtualAuthenticators: true}
Session ID: bfedd3110378a1587ca90f6c9b492c15
*** Element info: {Using=xpath, value=//button[@class='single_add_to_cart_button button alt']}]]>
            </message>
            <full-stacktrace>
              <![CDATA[org.openqa.selenium.NoSuchElementException: no such element: Unable to locate element: {"method":"xpath","selector":"//button[@class='single_add_to_cart_button button alt']"}
  (Session info: chrome=86.0.4240.183)
For documentation on this error, please visit: https://selenium.dev/exceptions/#no_such_element
Build info: version: '4.0.0-alpha-5', revision: 'b3a0d621cc'
System info: host: 'DESKTOP-4LJEO71', ip: '192.168.50.140', os.name: 'Windows 10', os.arch: 'amd64', os.version: '10.0', java.version: '14.0.2'
Driver info: org.openqa.selenium.chrome.ChromeDriver
Capabilities {acceptInsecureCerts: false, browserName: chrome, browserVersion: 86.0.4240.183, chrome: {chromedriverVersion: 86.0.4240.22 (398b0743353ff..., userDataDir: C:\Users\moumi\AppData\Loca...}, goog:chromeOptions: {debuggerAddress: localhost:51989}, javascriptEnabled: true, networkConnectionEnabled: false, pageLoadStrategy: normal, platform: WINDOWS, platformName: WINDOWS, proxy: Proxy(), setWindowRect: true, strictFileInteractability: false, timeouts: {implicit: 0, pageLoad: 300000, script: 30000}, unhandledPromptBehavior: dismiss and notify, webauthn:virtualAuthenticators: true}
Session ID: bfedd3110378a1587ca90f6c9b492c15
*** Element info: {Using=xpath, value=//button[@class='single_add_to_cart_button button alt']}
at java.base/jdk.internal.reflect.NativeConstructorAccessorImpl.newInstance0(Native Method)
at java.base/jdk.internal.reflect.NativeConstructorAccessorImpl.newInstance(NativeConstructorAccessorImpl.java:62)
at java.base/jdk.internal.reflect.DelegatingConstructorAccessorImpl.newInstance(DelegatingConstructorAccessorImpl.java:45)
at java.base/java.lang.reflect.Constructor.newInstanceWithCaller(Constructor.java:500)
at java.base/java.lang.reflect.Constructor.newInstance(Constructor.java:481)
at org.openqa.selenium.remote.codec.w3c.W3CHttpResponseCodec.createException(W3CHttpResponseCodec.java:196)
at org.openqa.selenium.remote.codec.w3c.W3CHttpResponseCodec.decode(W3CHttpResponseCodec.java:129)
at org.openqa.selenium.remote.codec.w3c.W3CHttpResponseCodec.decode(W3CHttpResponseCodec.java:53)
at org.openqa.selenium.remote.HttpCommandExecutor.execute(HttpCommandExecutor.java:161)
at org.openqa.selenium.remote.service.DriverCommandExecutor.execute(DriverCommandExecutor.java:83)
at org.openqa.selenium.remote.RemoteWebDriver.execute(RemoteWebDriver.java:582)
at org.openqa.selenium.remote.RemoteWebDriver.findElement(RemoteWebDriver.java:333)
at org.openqa.selenium.remote.RemoteWebDriver.findElementByXPath(RemoteWebDriver.java:451)
at org.openqa.selenium.By$ByXPath.findElement(By.java:394)
at org.openqa.selenium.remote.RemoteWebDriver.findElement(RemoteWebDriver.java:325)
at com.automationtesting.pageObjects.HomePage.arrivalImgesNavigatingToNextPage(HomePage.java:164)
at com.auomationtesting.testCases.ImageInArrivalsShouldNavigate_003.verifyingArrivalsImgIsNavigatingToNextPage(ImageInArrivalsShouldNavigate_003.java:45)
at java.base/jdk.internal.reflect.NativeMethodAccessorImpl.invoke0(Native Method)
at java.base/jdk.internal.reflect.NativeMethodAccessorImpl.invoke(NativeMethodAccessorImpl.java:62)
at java.base/jdk.internal.reflect.DelegatingMethodAccessorImpl.invoke(DelegatingMethodAccessorImpl.java:43)
at java.base/java.lang.reflect.Method.invoke(Method.java:564)
at org.testng.internal.MethodInvocationHelper.invokeMethod(MethodInvocationHelper.java:132)
at org.testng.internal.TestInvoker.invokeMethod(TestInvoker.java:599)
at org.testng.internal.TestInvoker.invokeTestMethod(TestInvoker.java:174)
at org.testng.internal.MethodRunner.runInSequence(MethodRunner.java:46)
at org.testng.internal.TestInvoker$MethodInvocationAgent.invoke(TestInvoker.java:822)
at org.testng.internal.TestInvoker.invokeTestMethods(TestInvoker.java:147)
at org.testng.internal.TestMethodWorker.invokeTestMethods(TestMethodWorker.java:146)
at org.testng.internal.TestMethodWorker.run(TestMethodWorker.java:128)
at java.base/java.util.ArrayList.forEach(ArrayList.java:1511)
at org.testng.TestRunner.privateRun(TestRunner.java:764)
at org.testng.TestRunner.run(TestRunner.java:585)
at org.testng.SuiteRunner.runTest(SuiteRunner.java:384)
at org.testng.SuiteRunner.runSequentially(SuiteRunner.java:378)
at org.testng.SuiteRunner.privateRun(SuiteRunner.java:337)
at org.testng.SuiteRunner.run(SuiteRunner.java:286)
at org.testng.SuiteRunnerWorker.runSuite(SuiteRunnerWorker.java:53)
at org.testng.SuiteRunnerWorker.run(SuiteRunnerWorker.java:96)
at org.testng.TestNG.runSuitesSequentially(TestNG.java:1218)
at org.testng.TestNG.runSuitesLocally(TestNG.java:1140)
at org.testng.TestNG.runSuites(TestNG.java:1069)
at org.testng.TestNG.run(TestNG.java:1037)
at org.testng.remote.AbstractRemoteTestNG.run(AbstractRemoteTestNG.java:115)
at org.testng.remote.RemoteTestNG.initAndRun(RemoteTestNG.java:251)
at org.testng.remote.RemoteTestNG.main(RemoteTestNG.java:77)
]]>
            </full-stacktrace>
          </exception> <!-- org.openqa.selenium.NoSuchElementException -->
          <reporter-output>
          </reporter-output>
        </test-method> <!-- verifyingArrivalsImgIsNavigatingToNextPage -->
        <test-method is-config="true" signature="tearDown()[pri:0, instance:com.auomationtesting.testCases.ImageInArrivalsShouldNavigate_003@7cd1ac19]" started-at="2020-11-11T16:35:09 PST" name="tearDown" finished-at="2020-11-11T16:35:10 PST" duration-ms="710" status="PASS">
          <reporter-output>
          </reporter-output>
        </test-method> <!-- tearDown -->
      </class> <!-- com.auomationtesting.testCases.ImageInArrivalsShouldNavigate_003 -->
    </test> <!-- Test -->
  </suite> <!-- Automation testing Suite -->
</testng-results>
